<?xml version="1.0" encoding="UTF-8"?>
<testng-results ignored="0" total="2" passed="2" failed="0" skipped="0">
  <reporter-output>
  </reporter-output>
  <suite started-at="2022-10-25T02:45:00 IST" name="Suite" finished-at="2022-10-25T02:46:05 IST" duration-ms="64997">
    <groups>
    </groups>
    <test started-at="2022-10-25T02:45:00 IST" name="Test" finished-at="2022-10-25T02:46:05 IST" duration-ms="64997">
      <class name="OrangrHRMsPractise.CreateEmployeeTC2">
        <test-method signature="createEmployeeTC2()[pri:0, instance:OrangrHRMsPractise.CreateEmployeeTC2@51f116b8]" started-at="2022-10-25T02:45:22 IST" name="createEmployeeTC2" finished-at="2022-10-25T02:46:05 IST" duration-ms="43114" status="PASS">
          <reporter-output>
          </reporter-output>
        </test-method> <!-- createEmployeeTC2 -->
      </class> <!-- OrangrHRMsPractise.CreateEmployeeTC2 -->
      <class name="OrangrHRMsPractise.LoginTC1">
        <test-method signature="loginTC1()[pri:0, instance:OrangrHRMsPractise.LoginTC1@4cc8eb05]" started-at="2022-10-25T02:45:00 IST" name="loginTC1" finished-at="2022-10-25T02:45:22 IST" duration-ms="21843" status="PASS">
          <reporter-output>
          </reporter-output>
        </test-method> <!-- loginTC1 -->
      </class> <!-- OrangrHRMsPractise.LoginTC1 -->
    </test> <!-- Test -->
  </suite> <!-- Suite -->
</testng-results>
